# Daily Commits Log
# This file is automatically updated by the GitHub Action workflow

# Format: Daily commit #[number] - [timestamp]
# Started: 2025-10-23Daily commit #4 - 2025-10-23 10:37:38 UTC
Daily commit #7 - 2025-10-23 10:45:05 UTC
Daily commit #8 - 2025-10-23 10:49:00 UTC
Daily commit #9 - 2025-10-23 11:41:48 UTC
Daily commit #10 - 2025-10-24 11:41:35 UTC
Daily commit #11 - 2025-10-25 11:40:23 UTC
Daily commit #12 - 2025-10-26 11:40:16 UTC
Daily commit #13 - 2025-10-27 11:41:58 UTC
Daily commit #14 - 2025-10-28 11:41:07 UTC
Daily commit #15 - 2025-10-29 11:42:23 UTC
Daily commit #16 - 2025-10-30 11:41:27 UTC
Daily commit #18 - 2025-10-30 11:51:08 UTC
Daily commit #19 - 2025-10-31 11:41:06 UTC
Daily commit #20 - 2025-11-01 11:40:26 UTC
Daily commit #21 - 2025-11-02 11:40:15 UTC
Daily commit #22 - 2025-11-03 11:41:22 UTC
Daily commit #23 - 2025-11-04 11:43:14 UTC
Daily commit #24 - 2025-11-05 11:42:35 UTC
Daily commit #25 - 2025-11-06 11:42:29 UTC
Daily commit #26 - 2025-11-07 11:41:36 UTC
Daily commit #27 - 2025-11-08 11:40:21 UTC
Daily commit #28 - 2025-11-09 11:40:20 UTC
Daily commit #29 - 2025-11-10 11:42:37 UTC
Daily commit #30 - 2025-11-11 11:42:18 UTC
Daily commit #31 - 2025-11-12 11:42:10 UTC
Daily commit #32 - 2025-11-13 11:42:21 UTC
Daily commit #33 - 2025-11-14 11:42:04 UTC
Daily commit #34 - 2025-11-15 11:40:19 UTC
Daily commit #35 - 2025-11-16 11:40:15 UTC
Daily commit #36 - 2025-11-17 11:42:38 UTC
Daily commit #37 - 2025-11-18 11:42:44 UTC
Daily commit #38 - 2025-11-19 11:42:26 UTC
Daily commit #39 - 2025-11-20 11:41:56 UTC
Daily commit #40 - 2025-11-21 11:41:05 UTC
Daily commit #41 - 2025-11-22 11:40:18 UTC
Daily commit #42 - 2025-11-23 11:40:29 UTC
Daily commit #43 - 2025-11-24 11:43:25 UTC
Daily commit #44 - 2025-11-25 11:42:52 UTC
Daily commit #45 - 2025-11-26 11:42:43 UTC
Daily commit #46 - 2025-11-27 11:42:26 UTC
Daily commit #47 - 2025-11-28 11:41:16 UTC
Daily commit #48 - 2025-11-29 11:40:38 UTC
Daily commit #49 - 2025-11-30 11:40:24 UTC
Daily commit #50 - 2025-12-01 11:42:57 UTC
